[      67ms] [ERROR] Loading the stylesheet 'https://fonts.googleapis.com/css2?family=Outfit:wght@300;400;500;600;700;800&family=JetBrains+Mono:wght@400;500&family=Orbitron:wght@400;500;600;700;800&display=swap' violates the following Content Security Policy directive: "style-src 'self' 'unsafe-inline'". Note that 'style-src-elem' was not explicitly set, so 'style-src' is used as a fallback. The action has been blocked. @ http://localhost:3000/login:0
[      68ms] [ERROR] Loading the stylesheet 'https://fonts.googleapis.com/css2?family=Outfit:wght@300;400;500;600;700;800&family=JetBrains+Mono:wght@400;500&family=Orbitron:wght@400;500;600;700;800&display=swap' violates the following Content Security Policy directive: "style-src 'self' 'unsafe-inline'". Note that 'style-src-elem' was not explicitly set, so 'style-src' is used as a fallback. The action has been blocked. @ http://localhost:3000/login:0
[     218ms] [ERROR] Manifest: Line: 1, column: 1, Syntax error. @ http://localhost:3000/manifest.json:0
[     393ms] [ERROR] Manifest: Line: 1, column: 1, Syntax error. @ http://localhost:3000/manifest.json:0
[  241701ms] [ERROR] ./lib/django-auth.ts:227:3
Parsing ecmascript source code failed
  225 |   clearAuthMarker();
  226 | }
> 227 |   }
      |   ^
  228 |   if (refreshTimerId) { clearTimeout(refreshTimerId); refreshTimerId = null; }
  229 |   localStorage.removeItem("access_token");
  230 |   localStorage.removeItem("refresh_token");

Expression expected

Import traces:
  Client Component Browser:
    ./lib/django-auth.ts [Client Component Browser]
    ./context/AuthContext.tsx [Client Component Browser]
    ./components/AppShell.tsx [Client Component Browser]
    ./components/AppShell.tsx [Server Component]
    ./app/layout.tsx [Server Component]

  Client Component SSR:
    ./lib/django-auth.ts [Client Component SSR]
    ./context/AuthContext.tsx [Client Component SSR]
    ./components/AppShell.tsx [Client Component SSR]
    ./components/AppShell.tsx [Server Component]
    ./app/layout.tsx [Server Component] @ http://localhost:3000/_next/static/chunks/node_modules_next_dist_f3530cac._.js:3127
[  264936ms] [ERROR] Manifest: Line: 1, column: 1, Syntax error. @ http://localhost:3000/manifest.json:0
